<?xml version="1.0" encoding="UTF-8"?>
<testng-results skipped="0" failed="0" ignored="0" total="2" passed="2">
  <reporter-output>
  </reporter-output>
  <suite name="Surefire suite" duration-ms="5167" started-at="2021-08-30T19:12:04 IST" finished-at="2021-08-30T19:12:09 IST">
    <groups>
      <group name="test">
        <method signature="AppTest.testcv()[pri:0, instance:AppTest@26be92ad]" name="testcv" class="AppTest"/>
      </group> <!-- test -->
    </groups>
    <test name="Surefire test" duration-ms="5167" started-at="2021-08-30T19:12:04 IST" finished-at="2021-08-30T19:12:09 IST">
      <class name="AppTest">
        <test-method status="PASS" signature="SampleTest()[pri:0, instance:AppTest@26be92ad]" name="SampleTest" duration-ms="5120" started-at="2021-08-30T19:12:04 IST" finished-at="2021-08-30T19:12:09 IST">
          <reporter-output>
          </reporter-output>
        </test-method> <!-- SampleTest -->
        <test-method status="PASS" signature="testcv()[pri:0, instance:AppTest@26be92ad]" name="testcv" duration-ms="1" started-at="2021-08-30T19:12:09 IST" finished-at="2021-08-30T19:12:09 IST">
          <reporter-output>
          </reporter-output>
        </test-method> <!-- testcv -->
      </class> <!-- AppTest -->
    </test> <!-- Surefire test -->
  </suite> <!-- Surefire suite -->
</testng-results>
